2023-04-13 13:06:07,181 - kedro.ipython - INFO - Kedro project spaceflights
2023-04-13 13:06:07,182 - kedro.ipython - INFO - Defined global variable 'context', 'session', 'catalog' and 'pipelines'
2023-04-13 13:06:08,228 - kedro.ipython - INFO - Registered line magic 'run_viz'
2023-04-13 13:11:03,785 - kedro.io.data_catalog - INFO - Loading data from 'companies' (CSVDataSet)...
2023-04-13 13:36:49,499 - kedro.framework.session.session - INFO - Kedro project spaceflights
2023-04-13 13:36:50,148 - py.warnings - WARNING - C:\Users\mtrip\Anaconda3\envs\kedro-test\lib\site-packages\kedro\framework\project\__init__.py:372: UserWarning: An error occurred while importing the 'spaceflights.pipelines.data_science' module. Nothing defined therein will be returned by 'find_pipelines'.

Traceback (most recent call last):
  File "C:\Users\mtrip\Anaconda3\envs\kedro-test\lib\site-packages\kedro\framework\project\__init__.py", line 370, in find_pipelines
    pipeline_module = importlib.import_module(pipeline_module_name)
  File "C:\Users\mtrip\Anaconda3\envs\kedro-test\lib\importlib\__init__.py", line 126, in import_module
    return _bootstrap._gcd_import(name[level:], package, level)
  File "<frozen importlib._bootstrap>", line 1050, in _gcd_import
  File "<frozen importlib._bootstrap>", line 1027, in _find_and_load
  File "<frozen importlib._bootstrap>", line 1006, in _find_and_load_unlocked
  File "<frozen importlib._bootstrap>", line 688, in _load_unlocked
  File "<frozen importlib._bootstrap_external>", line 883, in exec_module
  File "<frozen importlib._bootstrap>", line 241, in _call_with_frames_removed
  File "C:\Users\mtrip\OneDrive - 株式会社Crosstab\ドキュメント\pj\904_blog\spaceflights\src\spaceflights\pipelines\data_science\__init__.py", line 6, in <module>
    from .pipeline import create_pipeline
  File "C:\Users\mtrip\OneDrive - 株式会社Crosstab\ドキュメント\pj\904_blog\spaceflights\src\spaceflights\pipelines\data_science\pipeline.py", line 8, in <module>
    from .nodes import evaluate_model, split_data, train_model
ImportError: cannot import name 'evaluate_model' from 'spaceflights.pipelines.data_science.nodes' (C:\Users\mtrip\OneDrive - 株式会社Crosstab\ドキュメント\pj\904_blog\spaceflights\src\spaceflights\pipelines\data_science\nodes.py)

  warnings.warn(

2023-04-13 13:36:50,861 - kedro.io.data_catalog - INFO - Loading data from 'companies' (CSVDataSet)...
2023-04-13 13:36:50,901 - kedro.pipeline.node - INFO - Running node: preprocess_companies_node: preprocess_companies([companies]) -> [preprocessed_companies]
2023-04-13 13:36:50,934 - kedro.io.data_catalog - INFO - Saving data to 'preprocessed_companies' (MemoryDataSet)...
2023-04-13 13:36:50,939 - kedro.runner.sequential_runner - INFO - Completed 1 out of 3 tasks
2023-04-13 13:36:50,942 - kedro.io.data_catalog - INFO - Loading data from 'shuttles' (ExcelDataSet)...
2023-04-13 13:37:03,203 - kedro.pipeline.node - INFO - Running node: preprocess_shuttles_node: preprocess_shuttles([shuttles]) -> [preprocessed_shuttles]
2023-04-13 13:37:03,219 - py.warnings - WARNING - C:\Users\mtrip\OneDrive - 株式会社Crosstab\ドキュメント\pj\904_blog\spaceflights\src\spaceflights\pipelines\data_processing\nodes.py:19: FutureWarning: The default value of regex will change from True to False in a future version. In addition, single character regular expressions will *not* be treated as literal strings when regex=True.
  x = x.str.replace("$", "").str.replace(",", "")

2023-04-13 13:37:03,282 - kedro.io.data_catalog - INFO - Saving data to 'preprocessed_shuttles' (MemoryDataSet)...
2023-04-13 13:37:03,289 - kedro.runner.sequential_runner - INFO - Completed 2 out of 3 tasks
2023-04-13 13:37:03,292 - kedro.io.data_catalog - INFO - Loading data from 'preprocessed_shuttles' (MemoryDataSet)...
2023-04-13 13:37:03,297 - kedro.io.data_catalog - INFO - Loading data from 'preprocessed_companies' (MemoryDataSet)...
2023-04-13 13:37:03,300 - kedro.io.data_catalog - INFO - Loading data from 'reviews' (CSVDataSet)...
2023-04-13 13:37:03,372 - kedro.pipeline.node - INFO - Running node: create_model_input_table_node: create_model_input_table([preprocessed_shuttles,preprocessed_companies,reviews]) -> [model_input_table]
2023-04-13 13:37:05,545 - kedro.io.data_catalog - INFO - Saving data to 'model_input_table' (MemoryDataSet)...
2023-04-13 13:37:05,612 - kedro.runner.sequential_runner - INFO - Completed 3 out of 3 tasks
2023-04-13 13:37:05,613 - kedro.runner.sequential_runner - INFO - Pipeline execution completed successfully.
2023-04-13 13:37:05,615 - kedro.io.data_catalog - INFO - Loading data from 'model_input_table' (MemoryDataSet)...
2023-04-13 13:43:21,521 - py.warnings - WARNING - C:\Users\mtrip\Anaconda3\envs\kedro-test\lib\site-packages\kedro\framework\project\__init__.py:372: UserWarning: An error occurred while importing the 'spaceflights.pipelines.data_science' module. Nothing defined therein will be returned by 'find_pipelines'.

Traceback (most recent call last):
  File "C:\Users\mtrip\Anaconda3\envs\kedro-test\lib\site-packages\kedro\framework\project\__init__.py", line 370, in find_pipelines
    pipeline_module = importlib.import_module(pipeline_module_name)
  File "C:\Users\mtrip\Anaconda3\envs\kedro-test\lib\importlib\__init__.py", line 126, in import_module
    return _bootstrap._gcd_import(name[level:], package, level)
  File "<frozen importlib._bootstrap>", line 1050, in _gcd_import
  File "<frozen importlib._bootstrap>", line 1027, in _find_and_load
  File "<frozen importlib._bootstrap>", line 1006, in _find_and_load_unlocked
  File "<frozen importlib._bootstrap>", line 688, in _load_unlocked
  File "<frozen importlib._bootstrap_external>", line 883, in exec_module
  File "<frozen importlib._bootstrap>", line 241, in _call_with_frames_removed
  File "C:\Users\mtrip\OneDrive - 株式会社Crosstab\ドキュメント\pj\904_blog\spaceflights\src\spaceflights\pipelines\data_science\__init__.py", line 6, in <module>
    from .pipeline import create_pipeline
  File "C:\Users\mtrip\OneDrive - 株式会社Crosstab\ドキュメント\pj\904_blog\spaceflights\src\spaceflights\pipelines\data_science\pipeline.py", line 8, in <module>
    from .nodes import evaluate_model, split_data, train_model
ImportError: cannot import name 'evaluate_model' from 'spaceflights.pipelines.data_science.nodes' (C:\Users\mtrip\OneDrive - 株式会社Crosstab\ドキュメント\pj\904_blog\spaceflights\src\spaceflights\pipelines\data_science\nodes.py)

  warnings.warn(

2023-04-13 13:45:45,506 - kedro.framework.session.session - INFO - Kedro project spaceflights
2023-04-13 13:45:47,636 - kedro.io.data_catalog - INFO - Loading data from 'companies' (CSVDataSet)...
2023-04-13 13:45:47,673 - kedro.pipeline.node - INFO - Running node: preprocess_companies_node: preprocess_companies([companies]) -> [preprocessed_companies]
2023-04-13 13:45:47,705 - kedro.io.data_catalog - INFO - Saving data to 'preprocessed_companies' (MemoryDataSet)...
2023-04-13 13:45:47,710 - kedro.runner.sequential_runner - INFO - Completed 1 out of 6 tasks
2023-04-13 13:45:47,712 - kedro.io.data_catalog - INFO - Loading data from 'shuttles' (ExcelDataSet)...
2023-04-13 13:45:59,834 - kedro.pipeline.node - INFO - Running node: preprocess_shuttles_node: preprocess_shuttles([shuttles]) -> [preprocessed_shuttles]
2023-04-13 13:45:59,851 - py.warnings - WARNING - C:\Users\mtrip\OneDrive - 株式会社Crosstab\ドキュメント\pj\904_blog\spaceflights\src\spaceflights\pipelines\data_processing\nodes.py:19: FutureWarning: The default value of regex will change from True to False in a future version. In addition, single character regular expressions will *not* be treated as literal strings when regex=True.
  x = x.str.replace("$", "").str.replace(",", "")

2023-04-13 13:45:59,910 - kedro.io.data_catalog - INFO - Saving data to 'preprocessed_shuttles' (MemoryDataSet)...
2023-04-13 13:45:59,917 - kedro.runner.sequential_runner - INFO - Completed 2 out of 6 tasks
2023-04-13 13:45:59,920 - kedro.io.data_catalog - INFO - Loading data from 'preprocessed_shuttles' (MemoryDataSet)...
2023-04-13 13:45:59,923 - kedro.io.data_catalog - INFO - Loading data from 'preprocessed_companies' (MemoryDataSet)...
2023-04-13 13:45:59,927 - kedro.io.data_catalog - INFO - Loading data from 'reviews' (CSVDataSet)...
2023-04-13 13:45:59,986 - kedro.pipeline.node - INFO - Running node: create_model_input_table_node: create_model_input_table([preprocessed_shuttles,preprocessed_companies,reviews]) -> [model_input_table]
2023-04-13 13:46:01,926 - kedro.io.data_catalog - INFO - Saving data to 'model_input_table' (MemoryDataSet)...
2023-04-13 13:46:01,991 - kedro.runner.sequential_runner - INFO - Completed 3 out of 6 tasks
2023-04-13 13:46:01,993 - kedro.io.data_catalog - INFO - Loading data from 'model_input_table' (MemoryDataSet)...
2023-04-13 13:46:02,037 - kedro.io.data_catalog - INFO - Loading data from 'params:model_options' (MemoryDataSet)...
2023-04-13 13:46:02,039 - kedro.pipeline.node - INFO - Running node: split_data_node: split_data([model_input_table,params:model_options]) -> [X_train,X_test,y_train,y_test]
2023-04-13 13:46:02,131 - kedro.io.data_catalog - INFO - Saving data to 'X_train' (MemoryDataSet)...
2023-04-13 13:46:02,138 - kedro.io.data_catalog - INFO - Saving data to 'X_test' (MemoryDataSet)...
2023-04-13 13:46:02,141 - kedro.io.data_catalog - INFO - Saving data to 'y_train' (MemoryDataSet)...
2023-04-13 13:46:02,145 - kedro.io.data_catalog - INFO - Saving data to 'y_test' (MemoryDataSet)...
2023-04-13 13:46:02,180 - kedro.runner.sequential_runner - INFO - Completed 4 out of 6 tasks
2023-04-13 13:46:02,182 - kedro.io.data_catalog - INFO - Loading data from 'X_train' (MemoryDataSet)...
2023-04-13 13:46:02,189 - kedro.io.data_catalog - INFO - Loading data from 'y_train' (MemoryDataSet)...
2023-04-13 13:46:02,193 - kedro.pipeline.node - INFO - Running node: train_model_node: train_model([X_train,y_train]) -> [regressor]
2023-04-13 13:46:02,381 - kedro.io.data_catalog - INFO - Saving data to 'regressor' (PickleDataSet)...
2023-04-13 13:46:02,390 - kedro.runner.sequential_runner - INFO - Completed 5 out of 6 tasks
2023-04-13 13:46:02,392 - kedro.io.data_catalog - INFO - Loading data from 'regressor' (PickleDataSet)...
2023-04-13 13:46:02,399 - kedro.io.data_catalog - INFO - Loading data from 'X_test' (MemoryDataSet)...
2023-04-13 13:46:02,403 - kedro.io.data_catalog - INFO - Loading data from 'y_test' (MemoryDataSet)...
2023-04-13 13:46:02,404 - kedro.pipeline.node - INFO - Running node: evaluate_model_node: evaluate_model([regressor,X_test,y_test]) -> None
2023-04-13 13:46:02,422 - spaceflights.pipelines.data_science.nodes - INFO - Model has a coefficient R^2 of 0.462 on test data.
2023-04-13 13:46:02,426 - kedro.runner.sequential_runner - INFO - Completed 6 out of 6 tasks
2023-04-13 13:46:02,428 - kedro.runner.sequential_runner - INFO - Pipeline execution completed successfully.
2023-04-29 15:01:19,190 - kedro.ipython - INFO - Kedro project spaceflights
2023-04-29 15:01:19,190 - kedro.ipython - INFO - Defined global variable 'context', 'session', 'catalog' and 'pipelines'
2023-04-29 15:01:20,507 - kedro.ipython - INFO - Registered line magic 'run_viz'
2023-04-29 15:01:33,257 - kedro.io.data_catalog - INFO - Loading data from 'companies' (CSVDataSet)...
2023-04-29 16:02:47,038 - kedro.framework.session.session - INFO - Kedro project spaceflights
2023-04-29 16:02:49,064 - kedro.io.data_catalog - INFO - Loading data from 'companies' (CSVDataSet)...
2023-04-29 16:02:49,091 - kedro.pipeline.node - INFO - Running node: preprocess_companies_node: preprocess_companies([companies]) -> [preprocessed_companies]
2023-04-29 16:02:49,138 - kedro.io.data_catalog - INFO - Saving data to 'preprocessed_companies' (MemoryDataSet)...
2023-04-29 16:02:49,138 - kedro.runner.sequential_runner - INFO - Completed 1 out of 6 tasks
2023-04-29 16:02:49,138 - kedro.io.data_catalog - INFO - Loading data from 'shuttles' (ExcelDataSet)...
2023-04-29 16:03:00,419 - kedro.pipeline.node - INFO - Running node: preprocess_shuttles_node: preprocess_shuttles([shuttles]) -> [preprocessed_shuttles]
2023-04-29 16:03:00,435 - py.warnings - WARNING - C:\Users\mtrip\OneDrive - 株式会社Crosstab\ドキュメント\pj\000_株式会社irep\研修\2023年度\第02回\spaceflights\src\spaceflights\pipelines\data_processing\nodes.py:19: FutureWarning: The default value of regex will change from True to False in a future version. In addition, single character regular expressions will *not* be treated as literal strings when regex=True.
  x = x.str.replace("$", "").str.replace(",", "")

2023-04-29 16:03:00,502 - kedro.io.data_catalog - INFO - Saving data to 'preprocessed_shuttles' (MemoryDataSet)...
2023-04-29 16:03:00,502 - kedro.runner.sequential_runner - INFO - Completed 2 out of 6 tasks
2023-04-29 16:03:00,502 - kedro.io.data_catalog - INFO - Loading data from 'preprocessed_shuttles' (MemoryDataSet)...
2023-04-29 16:03:00,514 - kedro.io.data_catalog - INFO - Loading data from 'preprocessed_companies' (MemoryDataSet)...
2023-04-29 16:03:00,514 - kedro.io.data_catalog - INFO - Loading data from 'reviews' (CSVDataSet)...
2023-04-29 16:03:00,576 - kedro.pipeline.node - INFO - Running node: create_model_input_table_node: create_model_input_table([preprocessed_shuttles,preprocessed_companies,reviews]) -> [model_input_table]
2023-04-29 16:03:02,612 - kedro.io.data_catalog - INFO - Saving data to 'model_input_table' (MemoryDataSet)...
2023-04-29 16:03:02,690 - kedro.runner.sequential_runner - INFO - Completed 3 out of 6 tasks
2023-04-29 16:03:02,690 - kedro.io.data_catalog - INFO - Loading data from 'model_input_table' (MemoryDataSet)...
2023-04-29 16:03:02,753 - kedro.io.data_catalog - INFO - Loading data from 'params:model_options' (MemoryDataSet)...
2023-04-29 16:03:02,753 - kedro.pipeline.node - INFO - Running node: split_data_node: split_data([model_input_table,params:model_options]) -> [X_train,X_test,y_train,y_test]
2023-04-29 16:03:02,863 - kedro.io.data_catalog - INFO - Saving data to 'X_train' (MemoryDataSet)...
2023-04-29 16:03:02,863 - kedro.io.data_catalog - INFO - Saving data to 'X_test' (MemoryDataSet)...
2023-04-29 16:03:02,863 - kedro.io.data_catalog - INFO - Saving data to 'y_train' (MemoryDataSet)...
2023-04-29 16:03:02,878 - kedro.io.data_catalog - INFO - Saving data to 'y_test' (MemoryDataSet)...
2023-04-29 16:03:02,910 - kedro.runner.sequential_runner - INFO - Completed 4 out of 6 tasks
2023-04-29 16:03:02,910 - kedro.io.data_catalog - INFO - Loading data from 'X_train' (MemoryDataSet)...
2023-04-29 16:03:02,925 - kedro.io.data_catalog - INFO - Loading data from 'y_train' (MemoryDataSet)...
2023-04-29 16:03:02,925 - kedro.pipeline.node - INFO - Running node: train_model_node: train_model([X_train,y_train]) -> [regressor]
2023-04-29 16:03:03,161 - kedro.io.data_catalog - INFO - Saving data to 'regressor' (PickleDataSet)...
2023-04-29 16:03:03,161 - kedro.runner.sequential_runner - INFO - Completed 5 out of 6 tasks
2023-04-29 16:03:03,176 - kedro.io.data_catalog - INFO - Loading data from 'regressor' (PickleDataSet)...
2023-04-29 16:03:03,176 - kedro.io.data_catalog - INFO - Loading data from 'X_test' (MemoryDataSet)...
2023-04-29 16:03:03,176 - kedro.io.data_catalog - INFO - Loading data from 'y_test' (MemoryDataSet)...
2023-04-29 16:03:03,176 - kedro.pipeline.node - INFO - Running node: evaluate_model_node: evaluate_model([regressor,X_test,y_test]) -> None
2023-04-29 16:03:03,208 - spaceflights.pipelines.data_science.nodes - INFO - Model has a coefficient R^2 of 0.462 on test data.
2023-04-29 16:03:03,208 - kedro.runner.sequential_runner - INFO - Completed 6 out of 6 tasks
2023-04-29 16:03:03,208 - kedro.runner.sequential_runner - INFO - Pipeline execution completed successfully.
